#
# There is insufficient memory for the Java Runtime Environment to continue.
# Native memory allocation (mmap) failed to map 268435456 bytes for Failed to commit area from 0x0000000701c00000 to 0x0000000711c00000 of length 268435456.
# Possible reasons:
#   The system is out of physical RAM or swap space
#   The process is running with CompressedOops enabled, and the Java Heap may be blocking the growth of the native heap
# Possible solutions:
#   Reduce memory load on the system
#   Increase physical memory or swap space
#   Check if swap backing store is full
#   Decrease Java heap size (-Xmx/-Xms)
#   Decrease number of Java threads
#   Decrease Java thread stack sizes (-Xss)
#   Set larger code cache with -XX:ReservedCodeCacheSize=
# This output file may be truncated or incomplete.
#
#  Out of Memory Error (./src/hotspot/os/windows/os_windows.cpp:3303), pid=33296, tid=25312
#
# JRE version:  (11.0.7+10) (build )
# Java VM: OpenJDK 64-Bit Server VM (11.0.7+10-b765.64, mixed mode, sharing, tiered, compressed oops, g1 gc, windows-amd64)
# No core dump will be written. Minidumps are not enabled by default on client versions of Windows
#

---------------  S U M M A R Y ------------

Command Line: org.jetbrains.git4idea.http.GitAskPassApp Username for 'https://dev.erpstrong.com': 

Host: Intel(R) Core(TM) i5-7300HQ CPU @ 2.50GHz, 4 cores, 15G,  Windows 10 , 64 bit Build 19041 (10.0.19041.1202)
Time: Mon Nov 15 15:54:00 2021 中国标准时间 elapsed time: 0 seconds (0d 0h 0m 0s)

---------------  T H R E A D  ---------------

Current thread (0x000002061764a800):  JavaThread "Unknown thread" [_thread_in_vm, id=25312, stack(0x0000008062000000,0x0000008062100000)]

Stack: [0x0000008062000000,0x0000008062100000]
Native frames: (J=compiled Java code, j=interpreted, Vv=VM code, C=native code)
V  [jvm.dll+0x5dda4a]
V  [jvm.dll+0x711595]
V  [jvm.dll+0x712aed]
V  [jvm.dll+0x7131a3]
V  [jvm.dll+0x23e368]
V  [jvm.dll+0x5daf04]
V  [jvm.dll+0x5d0085]
V  [jvm.dll+0x2fb0cb]
V  [jvm.dll+0x2fb03a]
V  [jvm.dll+0x2faf12]
V  [jvm.dll+0x2ffdf6]
V  [jvm.dll+0x348393]
V  [jvm.dll+0x348a96]
V  [jvm.dll+0x348493]
V  [jvm.dll+0x2d59e8]
V  [jvm.dll+0x2d6b87]
V  [jvm.dll+0x6f04e7]
V  [jvm.dll+0x6f1cdc]
V  [jvm.dll+0x355909]
V  [jvm.dll+0x6d42ae]
V  [jvm.dll+0x3bda13]
V  [jvm.dll+0x3bfc51]
C  [jli.dll+0x5363]
C  [ucrtbase.dll+0x21bb2]
C  [KERNEL32.DLL+0x17034]
C  [ntdll.dll+0x52651]


---------------  P R O C E S S  ---------------

Threads class SMR info:
_java_thread_list=0x00000206154200e0, length=0, elements={
}

Java Threads: ( => current thread )

Other Threads:
  0x0000020617662000 GCTaskThread "GC Thread#0" [stack: 0x0000008062100000,0x0000008062200000] [id=18016]
  0x00000206176c2000 ConcurrentGCThread "G1 Main Marker" [stack: 0x0000008062200000,0x0000008062300000] [id=30256]
  0x00000206176c3800 ConcurrentGCThread "G1 Conc#0" [stack: 0x0000000000000000,0x0000000000000000] [id=26276]

[error occurred during error reporting (printing all threads), id 0xc0000005, EXCEPTION_ACCESS_VIOLATION (0xc0000005) at pc=0x00007ffc6b265fc7]

VM state:not at safepoint (not fully initialized)

VM Mutex/Monitor currently owned by a thread:  ([mutex/lock_event])
[0x0000020617648500] Heap_lock - owner thread: 0x000002061764a800

Heap address: 0x0000000701c00000, size: 4068 MB, Compressed Oops mode: Non-zero based: 0x0000000701c00000
Narrow klass base: 0x0000000000000000, Narrow klass shift: 0

GC Heap History (0 events):
No events

Deoptimization events (0 events):
No events

Classes redefined (0 events):
No events

Internal exceptions (0 events):
No events

Events (2 events):
Event: 0.070 Loaded shared library D:\webStorm\WebStorm 2020.1.3\jbr\bin\zip.dll
Event: 0.071 Loaded shared library D:\webStorm\WebStorm 2020.1.3\jbr\bin\jimage.dll


Dynamic libraries:
0x00007ff7b65a0000 - 0x00007ff7b65aa000 	D:\webStorm\WebStorm 2020.1.3\jbr\bin\java.exe
0x00007ffcc1d70000 - 0x00007ffcc1f65000 	C:\WINDOWS\SYSTEM32\ntdll.dll
0x00007ffcbfdc0000 - 0x00007ffcbfe7e000 	C:\WINDOWS\System32\KERNEL32.DLL
0x00007ffcbf6e0000 - 0x00007ffcbf9a9000 	C:\WINDOWS\System32\KERNELBASE.dll
0x00007ffcbf9b0000 - 0x00007ffcbfab0000 	C:\WINDOWS\System32\ucrtbase.dll
0x00007ffc836f0000 - 0x00007ffc83709000 	D:\webStorm\WebStorm 2020.1.3\jbr\bin\jli.dll
0x00007ffcc1260000 - 0x00007ffcc1401000 	C:\WINDOWS\System32\USER32.dll
0x00007ffcbfae0000 - 0x00007ffcbfb02000 	C:\WINDOWS\System32\win32u.dll
0x00007ffcc1480000 - 0x00007ffcc14ab000 	C:\WINDOWS\System32\GDI32.dll
0x00007ffcbf540000 - 0x00007ffcbf64b000 	C:\WINDOWS\System32\gdi32full.dll
0x00007ffcbfd20000 - 0x00007ffcbfdbd000 	C:\WINDOWS\System32\msvcp_win.dll
0x00007ffcb81f0000 - 0x00007ffcb8207000 	D:\webStorm\WebStorm 2020.1.3\jbr\bin\VCRUNTIME140.dll
0x00007ffcae950000 - 0x00007ffcaebea000 	C:\WINDOWS\WinSxS\amd64_microsoft.windows.common-controls_6595b64144ccf1df_6.0.19041.1110_none_60b5254171f9507e\COMCTL32.dll
0x00007ffcc14b0000 - 0x00007ffcc154e000 	C:\WINDOWS\System32\msvcrt.dll
0x00007ffcbffb0000 - 0x00007ffcbffe0000 	C:\WINDOWS\System32\IMM32.DLL
0x00007ffc97910000 - 0x00007ffc979ad000 	D:\webStorm\WebStorm 2020.1.3\jbr\bin\msvcp140.dll
0x00007ffc6af80000 - 0x00007ffc6ba3b000 	D:\webStorm\WebStorm 2020.1.3\jbr\bin\server\jvm.dll
0x00007ffcc11b0000 - 0x00007ffcc125c000 	C:\WINDOWS\System32\ADVAPI32.dll
0x00007ffcc0960000 - 0x00007ffcc09fb000 	C:\WINDOWS\System32\sechost.dll
0x00007ffcbfe80000 - 0x00007ffcbffaa000 	C:\WINDOWS\System32\RPCRT4.dll
0x00007ffcc1410000 - 0x00007ffcc1418000 	C:\WINDOWS\System32\PSAPI.DLL
0x00007ffca31e0000 - 0x00007ffca31e9000 	C:\WINDOWS\SYSTEM32\WSOCK32.dll
0x00007ffcc0690000 - 0x00007ffcc06fb000 	C:\WINDOWS\System32\WS2_32.dll
0x00007ffcaec00000 - 0x00007ffcaec27000 	C:\WINDOWS\SYSTEM32\WINMM.dll
0x00007ffcb2400000 - 0x00007ffcb240a000 	C:\WINDOWS\SYSTEM32\VERSION.dll
0x00007ffcbdd60000 - 0x00007ffcbdd72000 	C:\WINDOWS\SYSTEM32\kernel.appcore.dll
0x00007ffc8a9f0000 - 0x00007ffc8aa01000 	D:\webStorm\WebStorm 2020.1.3\jbr\bin\verify.dll
0x00007ffcbd280000 - 0x00007ffcbd464000 	C:\WINDOWS\SYSTEM32\DBGHELP.DLL
0x00007ffcab620000 - 0x00007ffcab64c000 	C:\WINDOWS\SYSTEM32\dbgcore.DLL
0x00007ffcbf650000 - 0x00007ffcbf6d3000 	C:\WINDOWS\System32\bcryptPrimitives.dll
0x00007ffc6af50000 - 0x00007ffc6af79000 	D:\webStorm\WebStorm 2020.1.3\jbr\bin\java.dll
0x00007ffc82710000 - 0x00007ffc82728000 	D:\webStorm\WebStorm 2020.1.3\jbr\bin\zip.dll
0x00007ffc98880000 - 0x00007ffc9888b000 	D:\webStorm\WebStorm 2020.1.3\jbr\bin\jimage.dll

dbghelp: loaded successfully - version: 4.0.5 - missing functions: none
symbol engine: initialized successfully - sym options: 0x614 - pdb path: .;D:\webStorm\WebStorm 2020.1.3\jbr\bin;C:\WINDOWS\SYSTEM32;C:\WINDOWS\WinSxS\amd64_microsoft.windows.common-controls_6595b64144ccf1df_6.0.19041.1110_none_60b5254171f9507e;D:\webStorm\WebStorm 2020.1.3\jbr\bin\server

VM Arguments:
java_command: org.jetbrains.git4idea.http.GitAskPassApp Username for 'https://dev.erpstrong.com': 
java_class_path (initial): D:/webStorm/WebStorm 2020.1.3/plugins/git4idea/lib/git4idea-rt.jar;D:/webStorm/WebStorm 2020.1.3/lib/xmlrpc-2.0.1.jar;D:/webStorm/WebStorm 2020.1.3/lib/commons-codec-1.14.jar;D:/webStorm/WebStorm 2020.1.3/lib/util.jar
Launcher Type: SUN_STANDARD

[Global flags]
     intx CICompilerCount                          = 3                                         {product} {ergonomic}
     uint ConcGCThreads                            = 1                                         {product} {ergonomic}
     uint G1ConcRefinementThreads                  = 4                                         {product} {ergonomic}
   size_t G1HeapRegionSize                         = 1048576                                   {product} {ergonomic}
    uintx GCDrainStackTargetSize                   = 64                                        {product} {ergonomic}
   size_t InitialHeapSize                          = 268435456                                 {product} {ergonomic}
   size_t MarkStackSize                            = 4194304                                   {product} {ergonomic}
   size_t MaxHeapSize                              = 4265607168                                {product} {ergonomic}
   size_t MinHeapDeltaBytes                        = 1048576                                   {product} {ergonomic}
    uintx NonNMethodCodeHeapSize                   = 5830732                                {pd product} {ergonomic}
    uintx NonProfiledCodeHeapSize                  = 122913754                              {pd product} {ergonomic}
    uintx ProfiledCodeHeapSize                     = 122913754                              {pd product} {ergonomic}
    uintx ReservedCodeCacheSize                    = 251658240                              {pd product} {ergonomic}
     bool SegmentedCodeCache                       = true                                      {product} {ergonomic}
     bool UseCompressedClassPointers               = true                                 {lp64_product} {ergonomic}
     bool UseCompressedOops                        = true                                 {lp64_product} {ergonomic}
     bool UseG1GC                                  = true                                      {product} {ergonomic}
     bool UseLargePagesIndividualAllocation        = false                                  {pd product} {ergonomic}

Logging:
Log output configuration:
 #0: stdout all=warning uptime,level,tags
 #1: stderr all=off uptime,level,tags

Environment Variables:
JAVA_HOME=C:\Program Files\Java\jdk1.8.0_151
CLASSPATH=.;C:\Program Files\Java\jdk1.8.0_151\lib\dt.jar;C:\Program Files\Java\jdk1.8.0_151\lib\tools.jar 
PATH=D:\xuexi\App\APICloud Studio 2\app\Git\mingw32\libexec\git-core;D:\xuexi\App\APICloud Studio 2\app\Git\mingw32\bin;D:\xuexi\App\APICloud Studio 2\app\Git\usr\bin;C:\Users\正在更新\bin;D:\shell;C:\ProgramData\Oracle\Java\javapath;C:\Program Files (x86)\Common Files\Oracle;C:\Program Files (x86)\Intel\iCLS Client;C:\Program Files\Intel\iCLS Client;C:\windows\system32;C:\windows;C:\windows\System32\Wbem;C:\windows\System32\WindowsPowerShell\v1.0;C:\Program Files (x86)\Intel\Intel(R) Management Engine Components\DAL;C:\Program Files\Intel\Intel(R) Management Engine Components\DAL;C:\Program Files (x86)\Intel\Intel(R) Management Engine Components\IPT;C:\Program Files\Intel\Intel(R) Management Engine Components\IPT;C:\Program Files (x86)\NVIDIA Corporation\PhysX\Common;C:\WINDOWS\system32;C:\WINDOWS\System32\Wbem;C:\WINDOWS\System32\WindowsPowerShell\v1.0;C:\WINDOWS\System32\OpenSSH;%MYSQL_HOME%\bin;C:\Program Files\Java\jdk1.8.0_151\bi;C:\Program Files\Java\jdk1.8.0_151\jre\bin;.;C:\Program Files\Intel\WiFi\bin;C:\Program Files\Common Files\Intel\WirelessCommon;D:\xuexi\svn\bin;D:\xuexi\App\APICloud Studio 2\app\Git\cmd;C:\WINDOWS;D:\node;C:\ProgramData\chocolatey\bin;D:\Winftp;D:\HB\HBuilderX\plugins\launcher\tools\adbs;C:\Program Files\Java\jdk1.8.0_151\bin;C:\Program Files\Java\jdk1.8.0_151\jre\bin;C:\Users\正在更新\AppData\Local\Microsoft\WindowsApps;C:\Program Files\MySQL\MySQL Server 5.6\bin;D:\shell;D:\work\maven\apache-maven-3.5.4\bin;D:\vScode\Microsoft VS Code\bin;D:\node\nodejs\node_global
USERNAME=zhengzai
DISPLAY=:0.0
OS=Windows_NT
PROCESSOR_IDENTIFIER=Intel64 Family 6 Model 158 Stepping 9, GenuineIntel



---------------  S Y S T E M  ---------------

OS: Windows 10 , 64 bit Build 19041 (10.0.19041.1202)
OS uptime: 7 days 6:47 hours

CPU:total 4 (initial active 4) (4 cores per cpu, 1 threads per core) family 6 model 158 stepping 9, cmov, cx8, fxsr, mmx, sse, sse2, sse3, ssse3, sse4.1, sse4.2, popcnt, avx, avx2, aes, clmul, erms, 3dnowpref, lzcnt, tsc, tscinvbit, bmi1, bmi2, adx, fma

Memory: 4k page, system-wide physical 16267M (3458M free)
TotalPageFile size 31372M (AvailPageFile size 261M)
current process WorkingSet (physical memory assigned to process): 10M, peak: 10M
current process commit charge ("private bytes"): 51M, peak: 307M

vm_info: OpenJDK 64-Bit Server VM (11.0.7+10-b765.64) for windows-amd64 JRE (11.0.7+10-b765.64), built on Jun 22 2020 14:48:21 by "" with MS VC++ 14.0 (VS2015)

END.
